<?xml version="1.0" encoding="UTF-8" standalone="no"?><testsuites><testsuite errors="0" failures="0" hostname="01498B321700A004_samsung_GalaxyNexus" name="de.upb.fsmi.test" tests="1" time="0,8030" timestamp="Tue Aug 13 00:41:49 CEST 2013"><properties><property name="java.runtime.name" value="OpenJDK Runtime Environment"/><property name="sun.boot.library.path" value="/usr/lib/jvm/java-1.7.0-openjdk-1.7.0.25.x86_64/jre/lib/amd64"/><property name="java.vm.version" value="23.7-b01"/><property name="java.vm.vendor" value="Oracle Corporation"/><property name="java.vendor.url" value="http://java.oracle.com/"/><property name="guice.disable.misplaced.annotation.check" value="true"/><property name="path.separator" value=":"/><property name="java.vm.name" value="OpenJDK 64-Bit Server VM"/><property name="file.encoding.pkg" value="sun.io"/><property name="user.country" value="DE"/><property name="sun.java.launcher" value="SUN_STANDARD"/><property name="sun.os.patch.level" value="unknown"/><property name="java.vm.specification.name" value="Java Virtual Machine Specification"/><property name="user.dir" value="/home/ljan/projects/fsdroid-maven/fsdroid"/><property name="java.runtime.version" value="1.7.0_25-mockbuild_2013_06_27_09_48-b00"/><property name="java.awt.graphicsenv" value="sun.awt.X11GraphicsEnvironment"/><property name="java.endorsed.dirs" value="/usr/lib/jvm/java-1.7.0-openjdk-1.7.0.25.x86_64/jre/lib/endorsed"/><property name="os.arch" value="amd64"/><property name="java.io.tmpdir" value="/tmp"/><property name="line.separator" value="&#10;"/><property name="java.vm.specification.vendor" value="Oracle Corporation"/><property name="os.name" value="Linux"/><property name="classworlds.conf" value="/usr/share/maven/bin/m2.conf"/><property name="sun.jnu.encoding" value="UTF-8"/><property name="java.library.path" value="/usr/java/packages/lib/amd64:/usr/lib64:/lib64:/lib:/usr/lib"/><property name="java.specification.name" value="Java Platform API Specification"/><property name="java.class.version" value="51.0"/><property name="sun.management.compiler" value="HotSpot 64-Bit Tiered Compilers"/><property name="os.version" value="3.9.11-200.fc18.x86_64"/><property name="user.home" value="/home/ljan"/><property name="user.timezone" value="Europe/Berlin"/><property name="java.awt.printerjob" value="sun.print.PSPrinterJob"/><property name="file.encoding" value="UTF-8"/><property name="java.specification.version" value="1.7"/><property name="java.class.path" value="/usr/share/maven/boot/plexus-classworlds.jar"/><property name="user.name" value="ljan"/><property name="java.vm.specification.version" value="1.7"/><property name="sun.java.command" value="org.codehaus.plexus.classworlds.launcher.Launcher -P it install"/><property name="java.home" value="/usr/lib/jvm/java-1.7.0-openjdk-1.7.0.25.x86_64/jre"/><property name="sun.arch.data.model" value="64"/><property name="user.language" value="de"/><property name="java.specification.vendor" value="Oracle Corporation"/><property name="awt.toolkit" value="sun.awt.X11.XToolkit"/><property name="java.vm.info" value="mixed mode"/><property name="java.version" value="1.7.0_25"/><property name="java.ext.dirs" value="/usr/lib/jvm/java-1.7.0-openjdk-1.7.0.25.x86_64/jre/lib/ext:/usr/java/packages/lib/ext"/><property name="sun.boot.class.path" value="/usr/lib/jvm/java-1.7.0-openjdk-1.7.0.25.x86_64/jre/lib/resources.jar:/usr/lib/jvm/java-1.7.0-openjdk-1.7.0.25.x86_64/jre/lib/rt.jar:/usr/lib/jvm/java-1.7.0-openjdk-1.7.0.25.x86_64/jre/lib/sunrsasign.jar:/usr/lib/jvm/java-1.7.0-openjdk-1.7.0.25.x86_64/jre/lib/jsse.jar:/usr/lib/jvm/java-1.7.0-openjdk-1.7.0.25.x86_64/jre/lib/jce.jar:/usr/lib/jvm/java-1.7.0-openjdk-1.7.0.25.x86_64/jre/lib/charsets.jar:/usr/lib/jvm/java-1.7.0-openjdk-1.7.0.25.x86_64/jre/lib/netx.jar:/usr/lib/jvm/java-1.7.0-openjdk-1.7.0.25.x86_64/jre/lib/plugin.jar:/usr/lib/jvm/java-1.7.0-openjdk-1.7.0.25.x86_64/jre/lib/rhino.jar:/usr/lib/jvm/java-1.7.0-openjdk-1.7.0.25.x86_64/jre/lib/jfr.jar:/usr/lib/jvm/java-1.7.0-openjdk-1.7.0.25.x86_64/jre/classes"/><property name="java.vendor" value="Oracle Corporation"/><property name="maven.home" value="/usr/share/maven"/><property name="file.separator" value="/"/><property name="java.vendor.url.bug" value="http://bugreport.sun.com/bugreport/"/><property name="sun.io.unicode.encoding" value="UnicodeLittle"/><property name="sun.cpu.endian" value="little"/><property name="sun.desktop" value="gnome"/><property name="sun.cpu.isalist" value=""/><property name="ro.product.manufacturer" value="samsung"/><property name="gsm.sim.operator.alpha" value=""/><property name="net.tcp.buffersize.hsupa" value="4094,87380,262144,4096,16384,262144"/><property name="ro.debuggable" value="0"/><property name="ro.com.android.wifi-watchlist" value="GoogleGuest"/><property name="ro.boot.macaddr" value=""/><property name="persist.sys.usb.config" value="mtp,adb"/><property name="net.rmnet0.dns1" value=""/><property name="net.rmnet0.dns2" value=""/><property name="init.svc.debuggerd" value="running"/><property name="ril.pin_mode" value="0"/><property name="init.svc.smc_pa_wvdrm" value="stopped"/><property name="persist.sys.profiler_ms" value="0"/><property name="init.svc.ueventd" value="running"/><property name="system_init.startsurfaceflinger" value="0"/><property name="ro.product.model" value="Galaxy Nexus"/><property name="gsm.operator.iso-country" value="de"/><property name="persist.sys.language" value="en"/><property name="ril.initPB" value="1"/><property name="ro.factorytest" value="0"/><property name="ro.build.fingerprint" value="google/yakju/maguro:4.3/JWR66V/737497:user/release-keys"/><property name="service.bootanim.exit" value="1"/><property name="ro.build.product" value="maguro"/><property name="ro.bootloader" value="PRIMEMD04"/><property name="ril.model_id" value="I9250"/><property name="init.svc.vold" value="running"/><property name="ro.boot.serialno" value="01498B321700A004"/><property name="sys.settings_global_version" value="1"/><property name="ro.facelock.rec_timeout" value="2500"/><property name="keyguard.no_require_sim" value="true"/><property name="net.hostname" value="android-c7f0f2a54a16616c"/><property name="init.svc.p2p_supplicant" value="running"/><property name="ro.facelock.est_max_time" value="800"/><property name="ro.build.version.sdk" value="18"/><property name="net.bt.name" value="Android"/><property name="telephony.lteOnCdmaDevice" value="0"/><property name="sys.usb.config" value="mtp,adb"/><property name="ro.bootmode" value="unknown"/><property name="ro.baseband" value="I9250XXLJ1"/><property name="ro.runtime.firstboot" value="1376333205176"/><property name="ro.build.host" value="vpba14.mtv.corp.google.com"/><property name="ro.build.display.id" value="JWR66V"/><property name="dhcp.wlan0.server" value="192.168.1.1"/><property name="ril.ecclist" value="112,911"/><property name="ro.revision" value="9"/><property name="ril.sales_code" value="VD2"/><property name="ro.product.locale.region" value="US"/><property name="init.svc.sdcard" value="running"/><property name="wifi.interface" value="wlan0"/><property name="gsm.operator.isroaming" value="false"/><property name="persist.sys.timezone" value="Europe/Berlin"/><property name="ro.facelock.lively_timeout" value="2500"/><property name="dhcp.wlan0.dns3" value=""/><property name="gsm.operator.numeric" value="26202"/><property name="dhcp.wlan0.dns2" value=""/><property name="dhcp.wlan0.dns1" value="192.168.1.1"/><property name="ro.error.receiver.system.apps" value="com.google.android.feedback"/><property name="ril.prl_num" value="0"/><property name="ro.bt.bdaddr_path" value="/factory/bluetooth/bt_addr"/><property name="ro.allow.mock.location" value="0"/><property name="dhcp.wlan0.dns4" value=""/><property name="ro.url.legal" value="http://www.google.com/intl/%s/mobile/android/basic/phone-legal.html"/><property name="ro.crypto.state" value="unencrypted"/><property name="net.tcp.buffersize.evdo" value="4094,87380,262144,4096,16384,262144"/><property name="ro.nfc.port" value="COM4"/><property name="ro.boot.baseband" value="I9250XXLJ1"/><property name="dalvik.vm.heapstartsize" value="8m"/><property name="net.tcp.buffersize.wifi" value="524288,1048576,2097152,262144,524288,1048576"/><property name="ro.boot.bootloader" value="PRIMEMD04"/><property name="ril.fac.default" value="false"/><property name="ril.ICC_TYPE" value="2"/><property name="ril.sw_ver" value="I9250XXLJ1"/><property name="ro.boot.console" value="ttyFIQ0"/><property name="net.tcp.buffersize.hsdpa" value="4094,87380,262144,4096,16384,262144"/><property name="persist.sys.localevar" value=""/><property name="ro.crypto.fuse_sdcard" value="true"/><property name="gsm.version.baseband" value="I9250XXLJ1"/><property name="ril.hw_ver" value="MP 1.010"/><property name="dalvik.vm.heapminfree" value="512k"/><property name="ro.product.brand" value="google"/><property name="gsm.sim.operator.numeric" value="26202"/><property name="ril.serialnumber" value="00000000000"/><property name="dhcp.wlan0.result" value="ok"/><property name="ro.config.notification_sound" value="Proxima.ogg"/><property name="ro.build.date.utc" value="1373508394"/><property name="ro.board.platform" value="omap4"/><property name="net.rmnet0.gw" value=""/><property name="ro.bq.gpu_to_cpu_unsupported" value="1"/><property name="dalvik.vm.heaptargetutilization" value="0.75"/><property name="ro.product.locale.language" value="en"/><property name="ro.product.device" value="maguro"/><property name="dev.bootcomplete" value="1"/><property name="ro.setupwizard.enterprise_mode" value="1"/><property name="gsm.sim.state" value="READY"/><property name="init.svc.keystore" value="running"/><property name="gsm.defaultpdpcontext.active" value="true"/><property name="dhcp.wlan0.domain" value=""/><property name="init.svc.fRom" value="stopped"/><property name="ro.hardware" value="tuna"/><property name="init.svc.netd" value="running"/><property name="ro.build.characteristics" value="nosdcard"/><property name="dalvik.vm.dexopt-flags" value="m=y"/><property name="ro.build.id" value="JWR66V"/><property name="ril.rfcal_date" value="2011.12.4"/><property name="ril.product_code" value="Not Active"/><property name="ro.hwui.disable_scissor_opt" value="true"/><property name="init.svc.pvrsrvctl" value="stopped"/><property name="net.tcp.buffersize.hspap" value="4094,87380,1220608,4096,16384,1220608"/><property name="ro.com.android.dateformat" value="MM-dd-yyyy"/><property name="net.tcp.buffersize.lte" value="524288,1048576,2097152,262144,524288,1048576"/><property name="ril.RildInit" value="1"/><property name="net.tcp.buffersize.default" value="4096,87380,110208,4096,16384,110208"/><property name="net.tcp.buffersize.umts" value="4094,87380,110208,4096,16384,110208"/><property name="sys.usb.state" value="mtp,adb"/><property name="ro.adb.secure" value="1"/><property name="ro.com.google.mcc_fallback" value="262"/><property name="rild.libpath" value="/vendor/lib/libsec-ril.so"/><property name="sys.boot_completed" value="1"/><property name="ro.product.name" value="yakju"/><property name="net.change" value="net.rmnet0.gw"/><property name="ro.config.alarm_alert" value="Cesium.ogg"/><property name="ro.build.tags" value="release-keys"/><property name="gsm.version.ril-impl" value="Samsung RIL(IPC) v3.1_1194333"/><property name="ro.product.board" value="tuna"/><property name="init.svc.drm" value="running"/><property name="ro.build.description" value="yakju-user 4.3 JWR66V 737497 release-keys"/><property name="init.svc.media" value="running"/><property name="init.svc.setup_fs" value="stopped"/><property name="ro.build.version.codename" value="REL"/><property name="init.svc.tf_daemon" value="running"/><property name="ro.product.cpu.abi" value="armeabi-v7a"/><property name="rild.libargs" value="-d /dev/ttys0"/><property name="dhcp.wlan0.pid" value="573"/><property name="dalvik.vm.heapgrowthlimit" value="96m"/><property name="ro.sf.lcd_density" value="320"/><property name="ro.facelock.black_timeout" value="1250"/><property name="dhcp.wlan0.vendorInfo" value=""/><property name="init.svc.bootanim" value="stopped"/><property name="dalvik.vm.heapsize" value="256m"/><property name="dalvik.vm.stack-trace-file" value="/data/anr/traces.txt"/><property name="ro.com.google.clientidbase" value="android-google"/><property name="net.tcp.buffersize.edge" value="4093,26280,35040,4096,16384,35040"/><property name="dhcp.wlan0.ipaddress" value="192.168.1.4"/><property name="init.svc.surfaceflinger" value="running"/><property name="ril.FS" value="false"/><property name="ro.serialno" value="01498B321700A004"/><property name="init.svc.dhcpcd_wlan0" value="running"/><property name="persist.sys.country" value="US"/><property name="dalvik.vm.heapmaxfree" value="8m"/><property name="net.tcp.buffersize.gprs" value="4092,8760,11680,4096,8760,11680"/><property name="ro.build.date" value="Thu Jul 11 02:06:34 UTC 2013"/><property name="ro.com.android.dataroaming" value="false"/><property name="init.svc.flash_recovery" value="stopped"/><property name="ro.build.version.release" value="4.3"/><property name="vold.post_fs_data_done" value="1"/><property name="wlan.driver.status" value="ok"/><property name="ro.product.cpu.abi2" value="armeabi"/><property name="drm.service.enabled" value="true"/><property name="net.tcp.buffersize.hspa" value="4094,87380,262144,4096,16384,262144"/><property name="init.svc.zygote" value="running"/><property name="media.aac_51_output_enabled" value="true"/><property name="ro.telephony.call_ring.multiple" value="0"/><property name="ro.facelock.use_intro_anim" value="true"/><property name="init.svc.servicemanager" value="running"/><property name="ro.url.legal.android_privacy" value="http://www.google.com/intl/%s/mobile/android/basic/privacy.html"/><property name="gsm.current.phone-type" value="1"/><property name="ro.build.user" value="android-build"/><property name="camera.flash_off" value="0"/><property name="ro.opengles.version" value="131072"/><property name="ro.facelock.det_timeout" value="1500"/><property name="gsm.sim.operator.iso-country" value="de"/><property name="dhcp.wlan0.reason" value="REBOOT"/><property name="ro.config.ringtone" value="Themos.ogg"/><property name="dhcp.wlan0.mask" value="255.255.255.0"/><property name="init.svc.installd" value="running"/><property name="dhcp.wlan0.leasetime" value="86274"/><property name="ro.secure" value="1"/><property name="ro.carrier" value="unknown"/><property name="ro.build.type" value="user"/><property name="dhcp.wlan0.gateway" value="192.168.1.1"/><property name="ro.wifi.channels" value=""/><property name="ro.build.version.incremental" value="737497"/><property name="init.svc.adbd" value="running"/><property name="persist.sys.strictmode.visual" value="1"/><property name="gsm.operator.alpha" value="Vodafone.de"/><property name="gsm.network.type" value="EDGE"/><property name="net.qtaguid_enabled" value="1"/><property name="net.dns1" value="192.168.1.1"/><property name="init.svc.ril-daemon" value="running"/></properties><testcase classname="de.upb.fsmi.it.HelloAndroidActivityTest" name="testActivity" time="0,7350"/></testsuite></testsuites>